<?xml version="1.0" encoding="UTF-8"?>
<!-- Generated by org.testng.reporters.JUnitXMLReporter -->
<testsuite ignored="0" hostname="DANISH" failures="0" tests="4" name="Default test" time="15.979" errors="0" timestamp="2022-06-13T13:18:58 IST">
  <testcase classname="practice.SampleTest" name="createContactTest" time="0.004"/>
  <testcase classname="practice.SampleTest" name="createContactTest" time="0.001"/>
  <testcase classname="practice.SampleTest" name="deleteContactTest" time="0.001"/>
  <testcase classname="practice.SampleTest" name="modifyContactTest" time="0.0"/>
</testsuite> <!-- Default test -->
