<?xml version="1.0" encoding="UTF-8"?>
<!-- Generated by org.testng.reporters.JUnitXMLReporter -->
<testsuite ignored="4" hostname="DANISH" failures="0" tests="2" name="Firefox_Test1" time="46.928" errors="0" timestamp="2022-06-10T09:59:30 IST">
  <testcase classname="com.crm.comcast.contactTest.DeleteContactTest" name="deleteContact" time="12.76"/>
  <testcase classname="com.crm.comcast.contactTest.CreateContactTest" name="createContact" time="9.115"/>
  <testcase classname="genericUtilities.BaseClass" name="@BeforeTest bt" time="0.0">
    <ignored/>
  </testcase> <!-- @BeforeTest bt -->
  <testcase classname="genericUtilities.BaseClass" name="@AfterSuite as" time="0.0">
    <ignored/>
  </testcase> <!-- @AfterSuite as -->
  <testcase classname="genericUtilities.BaseClass" name="@BeforeSuite bs" time="0.0">
    <ignored/>
  </testcase> <!-- @BeforeSuite bs -->
  <testcase classname="genericUtilities.BaseClass" name="@AfterTest at" time="0.0">
    <ignored/>
  </testcase> <!-- @AfterTest at -->
</testsuite> <!-- Firefox_Test1 -->
