<?xml version="1.0" encoding="UTF-8"?>
<!-- Generated by org.testng.reporters.JUnitXMLReporter -->
<testsuite ignored="0" hostname="DANISH" failures="2" tests="4" name="Test" time="17.455" errors="0" timestamp="2022-06-13T15:44:14 IST">
  <testcase classname="practice.SampleTest" name="createContactTest" time="0.008">
    <failure type="java.lang.AssertionError" message="null">
      <![CDATA[java.lang.AssertionError: null
at practice.SampleTest.createContactTest(SampleTest.java:16)
at java.base/java.util.ArrayList.forEach(ArrayList.java:1511)
... Removed 29 stack frames]]>
    </failure>
  </testcase> <!-- createContactTest -->
  <testcase classname="practice.SampleTest" name="createContactTest" time="0.008">
    <failure type="java.lang.AssertionError" message="null">
      <![CDATA[java.lang.AssertionError: null
at practice.SampleTest.createContactTest(SampleTest.java:16)
at java.base/java.util.ArrayList.forEach(ArrayList.java:1511)
... Removed 29 stack frames]]>
    </failure>
  </testcase> <!-- createContactTest -->
  <testcase classname="practice.SampleTest" name="deleteContactTest" time="0.0">
    <skipped/>
  </testcase> <!-- deleteContactTest -->
  <testcase classname="practice.SampleTest" name="modifyContactTest" time="0.0">
    <skipped/>
  </testcase> <!-- modifyContactTest -->
</testsuite> <!-- Test -->
